<?xml version="1.0" encoding="UTF-8"?>
<!-- Generated by org.testng.reporters.JUnitXMLReporter -->
<testsuite ignored="0" hostname="DESKTOP-V6S2GU6" failures="0" tests="5" name="Test" time="7.949" errors="0" timestamp="2024-06-03T09:03:39 CEST">
  <testcase classname="tests.Test_Class" name="test_01_AddNewPet" time="4.524"/>
  <testcase classname="tests.Test_Class" name="test_02_getCreatedPetWithId" time="0.728"/>
  <testcase classname="tests.Test_Class" name="test_03_uploadPhoto" time="0.751"/>
  <testcase classname="tests.Test_Class" name="test_04_updatePet" time="0.713"/>
  <testcase classname="tests.Test_Class" name="test_05_getPetWithId_AfterUpdate" time="0.741"/>
</testsuite> <!-- Test -->
