<?xml version="1.0" encoding="UTF-8"?>
<!-- Generated by org.testng.reporters.JUnitXMLReporter -->
<testsuite ignored="0" hostname="DESKTOP-V6S2GU6" failures="0" tests="5" name="Default test" time="7.692" errors="0" timestamp="2024-06-03T09:01:37 CEST">
  <testcase classname="tests.Test_Class" name="test_01_AddNewPet" time="4.203"/>
  <testcase classname="tests.Test_Class" name="test_02_getCreatedPetWithId" time="0.701"/>
  <testcase classname="tests.Test_Class" name="test_03_uploadPhoto" time="0.712"/>
  <testcase classname="tests.Test_Class" name="test_04_updatePet" time="0.689"/>
  <testcase classname="tests.Test_Class" name="test_05_getPetWithId_AfterUpdate" time="0.727"/>
</testsuite> <!-- Default test -->
