<?xml version="1.0" encoding="UTF-8"?>
<testng-results ignored="0" total="5" passed="5" failed="0" skipped="0">
  <reporter-output>
  </reporter-output>
  <suite started-at="2024-06-03T09:16:04 CEST" name="PetStore" finished-at="2024-06-03T09:16:59 CEST" duration-ms="54971">
    <groups>
    </groups>
    <test started-at="2024-06-03T09:16:04 CEST" name="Test" finished-at="2024-06-03T09:16:59 CEST" duration-ms="54971">
      <class name="tests.Test_Class">
        <test-method is-config="true" signature="createData()[pri:0, instance:tests.Test_Class@10e41621]" started-at="2024-06-03T09:16:04 CEST" name="createData" finished-at="2024-06-03T09:16:04 CEST" duration-ms="616" status="PASS">
          <reporter-output>
          </reporter-output>
        </test-method> <!-- createData -->
        <test-method signature="test_01_AddNewPet()[pri:1, instance:tests.Test_Class@10e41621]" started-at="2024-06-03T09:16:05 CEST" name="test_01_AddNewPet" finished-at="2024-06-03T09:16:54 CEST" duration-ms="49258" status="PASS">
          <reporter-output>
          </reporter-output>
        </test-method> <!-- test_01_AddNewPet -->
        <test-method signature="test_02_getCreatedPetWithId()[pri:2, instance:tests.Test_Class@10e41621]" started-at="2024-06-03T09:16:54 CEST" name="test_02_getCreatedPetWithId" finished-at="2024-06-03T09:16:55 CEST" duration-ms="866" status="PASS">
          <reporter-output>
          </reporter-output>
        </test-method> <!-- test_02_getCreatedPetWithId -->
        <test-method signature="test_03_uploadPhoto()[pri:3, instance:tests.Test_Class@10e41621]" started-at="2024-06-03T09:16:55 CEST" name="test_03_uploadPhoto" finished-at="2024-06-03T09:16:57 CEST" duration-ms="1645" status="PASS">
          <reporter-output>
          </reporter-output>
        </test-method> <!-- test_03_uploadPhoto -->
        <test-method signature="test_04_updatePet()[pri:4, instance:tests.Test_Class@10e41621]" started-at="2024-06-03T09:16:57 CEST" name="test_04_updatePet" finished-at="2024-06-03T09:16:58 CEST" duration-ms="1074" status="PASS">
          <reporter-output>
          </reporter-output>
        </test-method> <!-- test_04_updatePet -->
        <test-method signature="test_05_getPetWithId_AfterUpdate()[pri:5, instance:tests.Test_Class@10e41621]" started-at="2024-06-03T09:16:58 CEST" name="test_05_getPetWithId_AfterUpdate" finished-at="2024-06-03T09:16:59 CEST" duration-ms="956" status="PASS">
          <reporter-output>
          </reporter-output>
        </test-method> <!-- test_05_getPetWithId_AfterUpdate -->
      </class> <!-- tests.Test_Class -->
    </test> <!-- Test -->
  </suite> <!-- PetStore -->
</testng-results>
