<?xml version="1.0" encoding="UTF-8"?>
<testng-results ignored="0" total="5" passed="5" failed="0" skipped="0">
  <reporter-output>
  </reporter-output>
  <suite started-at="2024-06-03T09:03:31 CEST" name="PetStore" finished-at="2024-06-03T09:03:39 CEST" duration-ms="7949">
    <groups>
    </groups>
    <test started-at="2024-06-03T09:03:31 CEST" name="Test" finished-at="2024-06-03T09:03:39 CEST" duration-ms="7949">
      <class name="tests.Test_Class">
        <test-method is-config="true" signature="createData()[pri:0, instance:tests.Test_Class@7f0eb4b4]" started-at="2024-06-03T09:03:31 CEST" name="createData" finished-at="2024-06-03T09:03:31 CEST" duration-ms="414" status="PASS">
          <reporter-output>
          </reporter-output>
        </test-method> <!-- createData -->
        <test-method signature="test_01_AddNewPet()[pri:1, instance:tests.Test_Class@7f0eb4b4]" started-at="2024-06-03T09:03:31 CEST" name="test_01_AddNewPet" finished-at="2024-06-03T09:03:36 CEST" duration-ms="4524" status="PASS">
          <reporter-output>
          </reporter-output>
        </test-method> <!-- test_01_AddNewPet -->
        <test-method signature="test_02_getCreatedPetWithId()[pri:2, instance:tests.Test_Class@7f0eb4b4]" started-at="2024-06-03T09:03:36 CEST" name="test_02_getCreatedPetWithId" finished-at="2024-06-03T09:03:37 CEST" duration-ms="728" status="PASS">
          <reporter-output>
          </reporter-output>
        </test-method> <!-- test_02_getCreatedPetWithId -->
        <test-method signature="test_03_uploadPhoto()[pri:3, instance:tests.Test_Class@7f0eb4b4]" started-at="2024-06-03T09:03:37 CEST" name="test_03_uploadPhoto" finished-at="2024-06-03T09:03:37 CEST" duration-ms="751" status="PASS">
          <reporter-output>
          </reporter-output>
        </test-method> <!-- test_03_uploadPhoto -->
        <test-method signature="test_04_updatePet()[pri:4, instance:tests.Test_Class@7f0eb4b4]" started-at="2024-06-03T09:03:37 CEST" name="test_04_updatePet" finished-at="2024-06-03T09:03:38 CEST" duration-ms="713" status="PASS">
          <reporter-output>
          </reporter-output>
        </test-method> <!-- test_04_updatePet -->
        <test-method signature="test_05_getPetWithId_AfterUpdate()[pri:5, instance:tests.Test_Class@7f0eb4b4]" started-at="2024-06-03T09:03:38 CEST" name="test_05_getPetWithId_AfterUpdate" finished-at="2024-06-03T09:03:39 CEST" duration-ms="741" status="PASS">
          <reporter-output>
          </reporter-output>
        </test-method> <!-- test_05_getPetWithId_AfterUpdate -->
      </class> <!-- tests.Test_Class -->
    </test> <!-- Test -->
  </suite> <!-- PetStore -->
</testng-results>
