<?xml version="1.0" encoding="UTF-8"?>
<!-- Generated by org.testng.reporters.JUnitXMLReporter -->
<testsuite ignored="0" hostname="DESKTOP-V6S2GU6" failures="0" tests="5" name="Test" time="54.971" errors="0" timestamp="2024-06-03T09:16:59 CEST">
  <testcase classname="tests.Test_Class" name="test_01_AddNewPet" time="49.258"/>
  <testcase classname="tests.Test_Class" name="test_02_getCreatedPetWithId" time="0.866"/>
  <testcase classname="tests.Test_Class" name="test_03_uploadPhoto" time="1.645"/>
  <testcase classname="tests.Test_Class" name="test_04_updatePet" time="1.074"/>
  <testcase classname="tests.Test_Class" name="test_05_getPetWithId_AfterUpdate" time="0.956"/>
</testsuite> <!-- Test -->
